<?xml version="1.0" encoding="UTF-8"?>
<robot generator="Robot 3.2.2 (Python 3.8.3 on win32)" generated="20201129 18:19:26.291" rpa="false">
<suite id="s1" name="Neva" source="C:\Users\Ady\PycharmProjects\neva\tests\neva.robot">
<test id="s1-t1" name="Open the browser and the website and check if you can access the article &quot;Hello world!&quot;">
<kw name="Open Browser" library="Browser">
<tags>
<tag>BrowserControl</tag>
<tag>Setter</tag>
</tags>
<doc>Opens a new browser instance. Use this keyword for quick experiments or debugging sessions.
Use `New Page` directly instead of `Open Browser` for production and automated execution.
See `Browser, Context and Page` for more information about Browser and related concepts.</doc>
<arguments>
<arg>${URL}</arg>
<arg>${BROWSER}</arg>
</arguments>
<msg timestamp="20201129 18:19:27.181" level="WARN">Open Browser is for quick experimentation and debugging only. Use New Page for production.</msg>
<msg timestamp="20201129 18:19:27.182" level="INFO">{"browser": "firefox", "headless": false, "handleSIGINT": true, "handleSIGTERM": true, "handleSIGHUP": true, "timeout": 30000.0, "devtools": false, "slowMo": 0.0}</msg>
<msg timestamp="20201129 18:19:29.229" level="INFO">Successfully created browser with options: {"browser":"firefox","headless":false,"handleSIGINT":true,"handleSIGTERM":true,"handleSIGHUP":true,"timeout":30000,"devtools":false,"slowMo":0}</msg>
<msg timestamp="20201129 18:19:29.230" level="INFO">{"acceptDownloads": false, "ignoreHTTPSErrors": false, "bypassCSP": false, "deviceScaleFactor": 1.0, "isMobile": false, "hasTouch": false, "javaScriptEnabled": true, "offline": false, "hideRfBrowser": false}</msg>
<msg timestamp="20201129 18:19:29.248" level="INFO">Successfully created context with options: {"acceptDownloads":false,"ignoreHTTPSErrors":false,"bypassCSP":false,"deviceScaleFactor":1,"isMobile":false,"hasTouch":false,"javaScriptEnabled":true,"offline":false,"hideRfBrowser":false}</msg>
<msg timestamp="20201129 18:19:31.987" level="INFO">Successfully initialized new page object and opened url: http://localhost/wordpress/</msg>
<status status="PASS" starttime="20201129 18:19:27.181" endtime="20201129 18:19:31.987"></status>
</kw>
<kw name="Click" library="Browser">
<tags>
<tag>PageContent</tag>
<tag>Setter</tag>
</tags>
<doc>Simulates mouse click on the element found by ``selector``.</doc>
<arguments>
<arg>text="Hello world!"</arg>
<arg>left</arg>
<arg>2</arg>
</arguments>
<status status="PASS" starttime="20201129 18:19:31.987" endtime="20201129 18:19:32.444"></status>
</kw>
<kw name="Wait Until Network Is Idle" library="Browser">
<tags>
<tag>HTTP</tag>
<tag>Wait</tag>
</tags>
<doc>Waits until there has been at least one instance of 500 ms of no network traffic on the page after loading.</doc>
<status status="PASS" starttime="20201129 18:19:32.446" endtime="20201129 18:19:33.140"></status>
</kw>
<kw name="Close Browser" library="Browser">
<tags>
<tag>BrowserControl</tag>
<tag>Setter</tag>
</tags>
<doc>Closes the current browser. Activated browser is set to first active browser.
Closes all context and pages belonging to this browser.
See `Browser, Context and Page` for more information about Browser and related concepts.</doc>
<msg timestamp="20201129 18:19:33.960" level="INFO">Closed browser</msg>
<status status="PASS" starttime="20201129 18:19:33.140" endtime="20201129 18:19:33.961"></status>
</kw>
<status status="PASS" starttime="20201129 18:19:27.176" endtime="20201129 18:19:33.961" critical="yes"></status>
</test>
<status status="PASS" starttime="20201129 18:19:26.294" endtime="20201129 18:19:33.966"></status>
</suite>
<statistics>
<total>
<stat pass="1" fail="0">Critical Tests</stat>
<stat pass="1" fail="0">All Tests</stat>
</total>
<tag>
</tag>
<suite>
<stat pass="1" fail="0" id="s1" name="Neva">Neva</stat>
</suite>
</statistics>
<errors>
<msg timestamp="20201129 18:19:27.181" level="WARN">Open Browser is for quick experimentation and debugging only. Use New Page for production.</msg>
</errors>
</robot>
